----------------------------------------------------------------
2010-07-22 14:49:27.617 GMT:
 Booting Derby version The Apache Software Foundation - Apache Derby - 10.5.3.0 - (802917): instance a816c00e-0129-faa1-60a1-00000293dfe8
on database directory C:\idea_projects\sandbox\src\test\repository\version\db  

Database Class Loader started - derby.database.classpath=''
----------------------------------------------------------------
2010-07-22 14:49:29.648 GMT:
 Booting Derby version The Apache Software Foundation - Apache Derby - 10.5.3.0 - (802917): instance e0b94027-0129-faa1-60a1-00000293dfe8
on database directory C:\idea_projects\sandbox\src\test\repository\workspaces\default\db  

Database Class Loader started - derby.database.classpath=''
----------------------------------------------------------------
2010-07-22 14:49:31.727 GMT:
 Booting Derby version The Apache Software Foundation - Apache Derby - 10.5.3.0 - (802917): instance 3a7f0048-0129-faa1-60a1-00000293dfe8
on database directory C:\idea_projects\sandbox\src\test\repository\workspaces\security\db  

Database Class Loader started - derby.database.classpath=''

2010-07-22 14:49:40.914 GMT:
Shutting down instance e0b94027-0129-faa1-60a1-00000293dfe8
----------------------------------------------------------------

2010-07-22 14:49:41.149 GMT:
Shutting down instance 3a7f0048-0129-faa1-60a1-00000293dfe8
----------------------------------------------------------------

2010-07-22 14:49:41.242 GMT:
Shutting down instance a816c00e-0129-faa1-60a1-00000293dfe8
----------------------------------------------------------------
----------------------------------------------------------------
2010-07-22 14:49:41.352 GMT:
 Booting Derby version The Apache Software Foundation - Apache Derby - 10.5.3.0 - (802917): instance cbf5809d-0129-faa1-60a1-00000293dfe8
on database directory C:\idea_projects\sandbox\src\test\repository\version\db  

Database Class Loader started - derby.database.classpath=''
----------------------------------------------------------------
2010-07-22 14:49:41.492 GMT:
 Booting Derby version The Apache Software Foundation - Apache Derby - 10.5.3.0 - (802917): instance 7815c0b6-0129-faa1-60a1-00000293dfe8
on database directory C:\idea_projects\sandbox\src\test\repository\workspaces\default\db  

Database Class Loader started - derby.database.classpath=''
----------------------------------------------------------------
2010-07-22 14:49:41.695 GMT:
 Booting Derby version The Apache Software Foundation - Apache Derby - 10.5.3.0 - (802917): instance 74d240cf-0129-faa1-60a1-00000293dfe8
on database directory C:\idea_projects\sandbox\src\test\repository\workspaces\security\db  

Database Class Loader started - derby.database.classpath=''

2010-07-22 14:49:41.961 GMT:
Shutting down instance 7815c0b6-0129-faa1-60a1-00000293dfe8
----------------------------------------------------------------

2010-07-22 14:49:42.164 GMT:
Shutting down instance 74d240cf-0129-faa1-60a1-00000293dfe8
----------------------------------------------------------------

2010-07-22 14:49:42.258 GMT:
Shutting down instance cbf5809d-0129-faa1-60a1-00000293dfe8
----------------------------------------------------------------
----------------------------------------------------------------
2010-07-22 14:49:42.352 GMT:
 Booting Derby version The Apache Software Foundation - Apache Derby - 10.5.3.0 - (802917): instance 522b00e8-0129-faa1-60a1-00000293dfe8
on database directory C:\idea_projects\sandbox\src\test\repository\version\db  

Database Class Loader started - derby.database.classpath=''
----------------------------------------------------------------
2010-07-22 14:49:42.492 GMT:
 Booting Derby version The Apache Software Foundation - Apache Derby - 10.5.3.0 - (802917): instance a0200101-0129-faa1-60a1-00000293dfe8
on database directory C:\idea_projects\sandbox\src\test\repository\workspaces\default\db  

Database Class Loader started - derby.database.classpath=''
----------------------------------------------------------------
2010-07-22 14:49:42.711 GMT:
 Booting Derby version The Apache Software Foundation - Apache Derby - 10.5.3.0 - (802917): instance eeb1411a-0129-faa1-60a1-00000293dfe8
on database directory C:\idea_projects\sandbox\src\test\repository\workspaces\security\db  

Database Class Loader started - derby.database.classpath=''

2010-07-22 14:49:43.289 GMT:
Shutting down instance a0200101-0129-faa1-60a1-00000293dfe8
----------------------------------------------------------------

2010-07-22 14:49:43.367 GMT:
Shutting down instance eeb1411a-0129-faa1-60a1-00000293dfe8
----------------------------------------------------------------

2010-07-22 14:49:43.524 GMT:
Shutting down instance 522b00e8-0129-faa1-60a1-00000293dfe8
----------------------------------------------------------------
